1000
1000
1000
1000
1000
1000
1000
1000
1000
1000
1000
1000
1000
1000
1000
1000
1000
1000
1000
1000
1000
1000
1000
1000
1000
1000
1000
1000
1000
1000
1000
1000
1000
1000
1000
1000
1000
1000
1000
1000
1000
1000
1000
1000
1000
1000
1000
1000
1000
1000
1000
1000
1000
10002
10002
100
100
1000
1000
1000
1000
3000
4000
4000
2000
2000
2000
4000
4000
4000
4000
4000
4000
4000
4000
4000
4000
4000
4000

4000
4000
4000
4000
4000
4000
4000
4000
4000
4000
4000
4000
4000
4000
4000
4000
subit 4000 points
subit 4000 points
subit 4000 points
subit 4000 points
subit 4000 points
subit 4000 points
subit 4000 points
subit 4000 points
subit 4000 points
subit 4000 points
subit 4000 points
subit 4000 points
subit 4000 points
subit 4000 points
subit 4000 points
subit 4000 points
subit 4000 points
subit 4000 points
subit 4000 points
subit 4000 points
subit 4000 points
subit 4000 points
subit 4000 points
subit 4000 points
subit 4000 points
subit 4000 points
subit 4000 points
subit 4000 points
subit 4000 points
